2018-08-30 15:29:50,808 - INFO - Got status
2018-08-30 15:29:55,401 - INFO - Got connect
2018-08-30 15:29:55,542 - INFO - Check state:
2018-08-30 15:30:00,583 - INFO - Check state:
2018-08-30 15:30:05,606 - INFO - Check state:
2018-08-30 15:30:10,630 - INFO - Check state:
2018-08-30 15:30:15,654 - INFO - Check state:
2018-08-30 15:30:15,672 - ERROR - Error occured during status check
2018-08-30 15:30:15,674 - ERROR - Error during add_network
2018-08-30 15:30:15,675 - ERROR - Error during establishing connection
2018-08-30 15:30:23,623 - INFO - Got connect
2018-08-30 15:30:23,773 - INFO - Check state:
2018-08-30 15:30:28,790 - INFO - Check state:
2018-08-30 15:30:33,815 - INFO - Check state:
2018-08-30 15:30:38,839 - INFO - Check state:
2018-08-30 15:30:43,863 - INFO - Check state:
2018-08-30 15:30:43,881 - ERROR - Error occured during status check
2018-08-30 15:30:43,884 - ERROR - Error during add_network
2018-08-30 15:30:43,886 - ERROR - Error during establishing connection
2018-08-30 15:30:43,899 - INFO - Got scan
2018-08-30 15:30:57,941 - INFO - Got scan
2018-08-30 15:31:07,607 - INFO - Got connect
2018-08-30 15:31:07,759 - INFO - Check state:
2018-08-30 15:31:12,776 - INFO - Check state:
2018-08-30 15:31:17,800 - INFO - Check state:
2018-08-30 15:31:22,825 - INFO - Check state:
2018-08-30 15:31:27,850 - INFO - Check state:
2018-08-30 15:31:27,877 - ERROR - Error occured during status check
2018-08-30 15:31:27,880 - ERROR - Error during add_network
2018-08-30 15:31:27,882 - ERROR - Error during establishing connection
2018-08-30 15:31:35,700 - INFO - Got connect
2018-08-30 15:31:35,835 - INFO - Check state:
2018-08-30 15:31:40,851 - INFO - Check state:
2018-08-30 15:31:45,875 - INFO - Check state:
2018-08-30 15:31:50,898 - INFO - Check state:
2018-08-30 15:31:55,922 - INFO - Check state:
2018-08-30 15:31:55,942 - ERROR - Error occured during status check
2018-08-30 15:31:55,943 - ERROR - Error during add_network
2018-08-30 15:31:55,944 - ERROR - Error during establishing connection
2018-08-30 15:31:59,750 - INFO - Got status
2018-08-30 15:32:03,749 - INFO - Got disconnect
2018-08-30 15:32:05,629 - INFO - Got connect
2018-08-30 15:32:05,862 - INFO - Check state:
2018-08-30 15:32:10,886 - INFO - Check state:
2018-08-30 15:32:15,910 - INFO - Check state:
2018-08-30 15:32:20,933 - INFO - Check state:
2018-08-30 15:32:25,957 - INFO - Check state:
2018-08-30 15:32:25,982 - ERROR - Error occured during status check
2018-08-30 15:32:25,983 - ERROR - Error during add_network
2018-08-30 15:32:25,984 - ERROR - Error during establishing connection
2018-08-30 15:33:22,411 - INFO - Got status
2018-08-30 15:33:24,331 - INFO - Got disconnect
2018-08-30 16:03:24,964 - INFO - Got connect
2018-08-30 16:03:25,218 - INFO - Check state:
2018-08-30 16:03:30,241 - INFO - Check state:
2018-08-30 16:03:35,263 - INFO - Check state:
2018-08-30 16:03:40,286 - INFO - Check state:
2018-08-30 16:03:45,317 - INFO - Check state:
2018-08-30 16:03:45,336 - ERROR - Error occured during status check
2018-08-30 16:03:45,338 - ERROR - Error during add_network
2018-08-30 16:03:45,339 - ERROR - Error during establishing connection
2018-08-30 16:04:14,538 - INFO - Got connect
2018-08-30 16:04:14,686 - INFO - Check state:
2018-08-30 16:04:19,701 - INFO - Check state:
2018-08-30 16:04:24,723 - INFO - Check state:
2018-08-30 16:04:29,747 - INFO - Check state:
2018-08-30 16:04:34,771 - INFO - Check state:
2018-08-30 16:04:34,791 - ERROR - Error occured during status check
2018-08-30 16:04:34,792 - ERROR - Error during add_network
2018-08-30 16:04:34,794 - ERROR - Error during establishing connection
2018-08-30 16:04:44,449 - INFO - Got disconnect
2018-08-30 16:04:46,777 - INFO - Got scan
2018-08-30 16:05:04,792 - INFO - Got status
2018-08-31 09:42:51,795 - INFO - Got connect
2018-08-31 09:42:51,941 - INFO - Check state:
2018-08-31 09:42:56,957 - INFO - Check state:
2018-08-31 09:43:01,986 - INFO - Check state:
2018-08-31 09:43:07,014 - INFO - Check state:
2018-08-31 09:43:12,043 - INFO - Check state:
2018-08-31 09:43:12,066 - ERROR - Error occured during status check
2018-08-31 09:43:12,068 - ERROR - Error during add_network
2018-08-31 09:43:12,069 - ERROR - Error during establishing connection
